c:\users\chriscortes\source\repos\conways\client\src\client\debug\client.pch
c:\users\chriscortes\source\repos\conways\client\src\client\debug\vc142.pdb
c:\users\chriscortes\source\repos\conways\client\src\client\debug\vc142.idb
c:\users\chriscortes\source\repos\conways\client\src\client\debug\pch.obj
c:\users\chriscortes\source\repos\conways\client\src\client\debug\mainpage.xaml.obj
c:\users\chriscortes\source\repos\conways\client\src\client\debug\xamltypeinfo.impl.g.obj
c:\users\chriscortes\source\repos\conways\client\src\client\debug\spatialreplication.obj
c:\users\chriscortes\source\repos\conways\client\src\client\debug\app.xaml.obj
c:\users\chriscortes\source\repos\conways\client\src\client\debug\xamltypeinfo.g.obj
c:\users\chriscortes\source\repos\conways\client\src\client\debug\client\client.winmd
c:\users\chriscortes\source\repos\conways\client\src\client\debug\client\client.lib
c:\users\chriscortes\source\repos\conways\client\src\client\debug\client\client.exp
c:\users\chriscortes\source\repos\conways\client\src\client\debug\client.vcxprojassemblyreference.cache
c:\users\chriscortes\source\repos\conways\client\src\client\generated files\app.g.h
c:\users\chriscortes\source\repos\conways\client\src\client\generated files\mainpage.g.h
c:\users\chriscortes\source\repos\conways\client\src\client\generated files\xamllibmetadataprovider.g.cpp
c:\users\chriscortes\source\repos\conways\client\src\client\generated files\xamltypeinfo.impl.g.cpp
c:\users\chriscortes\source\repos\conways\client\src\client\generated files\app.xaml
c:\users\chriscortes\source\repos\conways\client\src\client\generated files\mainpage.xaml
c:\users\chriscortes\source\repos\conways\client\src\client\generated files\app.xbf
c:\users\chriscortes\source\repos\conways\client\src\client\generated files\mainpage.xbf
c:\users\chriscortes\source\repos\conways\client\src\client\debug\xamlsavestatefile.xml
c:\users\chriscortes\source\repos\conways\client\src\client\generated files\xamltypeinfo.g.cpp
c:\users\chriscortes\source\repos\conways\client\src\client\debug\client\app.xbf
c:\users\chriscortes\source\repos\conways\client\src\client\debug\client\mainpage.xbf
c:\users\chriscortes\source\repos\conways\client\src\client\debug\resourcehandlingtask.state
c:\users\chriscortes\source\repos\conways\client\src\client\debug\client.vcxproj.generateresource.cache
c:\users\chriscortes\source\repos\conways\client\src\client\debug\priconfig.xml
c:\users\chriscortes\source\repos\conways\client\src\client\debug\priconfig.xml.intermediate
c:\users\chriscortes\source\repos\conways\client\src\client\debug\unfiltered.layout.resfiles
c:\users\chriscortes\source\repos\conways\client\src\client\debug\unfiltered.layout.resfiles.intermediate
c:\users\chriscortes\source\repos\conways\client\src\client\debug\filtered.layout.resfiles
c:\users\chriscortes\source\repos\conways\client\src\client\debug\filtered.layout.resfiles.intermediate
c:\users\chriscortes\source\repos\conways\client\src\client\debug\excluded.layout.resfiles
c:\users\chriscortes\source\repos\conways\client\src\client\debug\excluded.layout.resfiles.intermediate
c:\users\chriscortes\source\repos\conways\client\src\client\debug\resources.resfiles
c:\users\chriscortes\source\repos\conways\client\src\client\debug\resources.resfiles.intermediate
c:\users\chriscortes\source\repos\conways\client\src\client\debug\pri.resfiles
c:\users\chriscortes\source\repos\conways\client\src\client\debug\pri.resfiles.intermediate
c:\users\chriscortes\source\repos\conways\client\src\client\debug\client\resources.pri
c:\users\chriscortes\source\repos\conways\client\src\client\debug\qualifiers.txt
c:\users\chriscortes\source\repos\conways\client\src\client\debug\qualifiers.txt.intermediate
c:\users\chriscortes\source\repos\conways\client\src\client\debug\multiplequalifiersperdimensionfound.txt
c:\users\chriscortes\source\repos\conways\client\src\client\debug\projectarchitectures.txt
c:\users\chriscortes\source\repos\conways\client\src\client\debug\client\appxmanifest.xml
c:\users\chriscortes\source\repos\conways\client\src\client\debug\client\client.build.appxrecipe
c:\users\chriscortes\source\repos\conways\client\src\client\debug\client.tlog\client.winmd.lastbuild
c:\users\chriscortes\source\repos\conways\client\src\client\debug\client\client.ilk
c:\users\chriscortes\source\repos\conways\client\src\client\debug\client\client.exe
c:\users\chriscortes\source\repos\conways\client\src\client\debug\client\client.pdb
c:\users\chriscortes\source\repos\conways\client\src\client\debug\client.tlog\cl.command.1.tlog
c:\users\chriscortes\source\repos\conways\client\src\client\debug\client.tlog\cl.read.1.tlog
c:\users\chriscortes\source\repos\conways\client\src\client\debug\client.tlog\cl.write.1.tlog
c:\users\chriscortes\source\repos\conways\client\src\client\debug\client.tlog\client.read.1u.tlog
c:\users\chriscortes\source\repos\conways\client\src\client\debug\client.tlog\client.write.1u.tlog
c:\users\chriscortes\source\repos\conways\client\src\client\debug\client.tlog\link.command.1.tlog
c:\users\chriscortes\source\repos\conways\client\src\client\debug\client.tlog\link.read.1.tlog
c:\users\chriscortes\source\repos\conways\client\src\client\debug\client.tlog\link.write.1.tlog
c:\users\chriscortes\source\repos\conways\client\src\client\debug\client.tlog\xaml.read.1u.tlog
c:\users\chriscortes\source\repos\conways\client\src\client\generated files\xamlbindinginfo.g.h
c:\users\chriscortes\source\repos\conways\client\src\client\generated files\xamltypeinfo.g.h
